*** Using Compiler 'V6.16', folder: 'D:\Keil_v5\ARM\ARMCLANG\Bin'
Rebuild target 'GD32E230K_START'
compiling gd32e23x_it.c...
compiling systick.c...
compiling main.c...
compiling control.c...
compiling adc.c...
compiling board.c...
compiling bq25703a_regulator.c...
compiling rgbled.c...
compiling error.c...
compiling battery.c...
compiling gd32e23x_adc.c...
compiling key.c...
compiling usart.c...
compiling iic.c...
compiling gd32e23x_dbg.c...
compiling gd32e23x_crc.c...
compiling gd32e23x_cmp.c...
compiling gd32e23x_fwdgt.c...
compiling gd32e23x_exti.c...
compiling gd32e23x_fmc.c...
compiling gd32e23x_dma.c...
compiling gd32e23x_gpio.c...
compiling gd32e23x_i2c.c...
compiling gd32e23x_pmu.c...
compiling gd32e23x_misc.c...
compiling gd32e23x_spi.c...
compiling gd32e23x_rtc.c...
compiling gd32e23x_rcu.c...
assembling startup_gd32e23x.s...
compiling gd32e23x_wwdgt.c...
compiling gd32e23x_syscfg.c...
compiling gd32e23x_usart.c...
compiling cmsis_os.c...
compiling system_gd32e23x.c...
compiling gd32e23x_timer.c...
compiling port.c...
compiling freertos_evr.c...
compiling heap_4.c...
compiling croutine.c...
compiling portasm.c...
compiling list.c...
compiling event_groups.c...
compiling queue.c...
compiling tasks.c...
linking...
Program Size: Code=24072 RO-data=368 RW-data=12 ZI-data=5852  
FromELF: creating hex file...
"..\outfile\Project.axf" - 0 Error(s), 0 Warning(s).
Build Time Elapsed:  00:00:03
